{
  "RSpec": {
    "coverage": {
      "/Users/sammckay/Desktop/Makers/bank-tech-test/spec/bank_spec.rb": [
        1,
        null,
        1,
        null,
        8,
        null,
        1,
        1,
        null,
        null,
        null,
        1,
        1,
        1,
        1,
        null,
        null,
        null,
        null,
        null,
        1,
        1,
        1,
        1,
        1,
        null,
        1,
        2,
        null,
        null,
        null,
        null,
        1,
        1,
        1,
        1,
        1,
        1,
        null,
        1,
        2,
        null,
        1,
        2,
        null,
        null,
        null,
        null,
        null,
        null
      ],
      "/Users/sammckay/Desktop/Makers/bank-tech-test/lib/bank.rb": [
        1,
        1,
        1,
        null,
        1,
        null,
        1,
        null,
        1,
        null,
        1,
        7,
        7,
        null,
        null,
        1,
        3,
        2,
        2,
        null,
        null,
        1,
        3,
        2,
        1,
        1,
        null,
        null,
        1,
        0,
        0,
        null,
        null,
        1,
        null,
        1,
        3,
        3,
        null,
        null,
        null,
        null
      ],
      "/Users/sammckay/Desktop/Makers/bank-tech-test/lib/transaction.rb": [
        1,
        null,
        1,
        null,
        1,
        7,
        null,
        null,
        null,
        null,
        null,
        null
      ],
      "/Users/sammckay/Desktop/Makers/bank-tech-test/lib/transaction_history.rb": [
        1,
        null,
        1,
        null,
        1,
        8,
        null,
        null,
        null,
        null,
        null
      ],
      "/Users/sammckay/Desktop/Makers/bank-tech-test/lib/statement_printer.rb": [
        1,
        null,
        1,
        5,
        1,
        5,
        null,
        null,
        null,
        null
      ],
      "/Users/sammckay/Desktop/Makers/bank-tech-test/spec/statement_printer_spec.rb": [
        1,
        null,
        null,
        1,
        2,
        2,
        null,
        null,
        1,
        1,
        2,
        null,
        null,
        null,
        null
      ],
      "/Users/sammckay/Desktop/Makers/bank-tech-test/spec/transaction_history_spec.rb": [
        1,
        null,
        1,
        2,
        null,
        1,
        1,
        1,
        null,
        null,
        null,
        null
      ],
      "/Users/sammckay/Desktop/Makers/bank-tech-test/spec/transaction_spec.rb": [
        1,
        null,
        1,
        5,
        null,
        1,
        1,
        1,
        1,
        null,
        1,
        1,
        null,
        1,
        1,
        null,
        1,
        1,
        null,
        null,
        null,
        null,
        null,
        null
      ]
    },
    "timestamp": 1488887596
  }
}
